<?xml version="1.0" encoding="UTF-8"?>
<testsuite name="tetris.PlacementTests" tests="9" skipped="0" failures="0" errors="0" timestamp="2024-10-01T21:52:42" hostname="LAPTOP-68J58FIR" time="0.168">
  <properties/>
  <testcase name="testPlacementI" classname="tetris.PlacementTests" time="0.124"/>
  <testcase name="testPlacementIEven" classname="tetris.PlacementTests" time="0.004"/>
  <testcase name="testPlacementJ" classname="tetris.PlacementTests" time="0.004"/>
  <testcase name="testPlacementL" classname="tetris.PlacementTests" time="0.004"/>
  <testcase name="testPlacementO" classname="tetris.PlacementTests" time="0.005"/>
  <testcase name="testPlacementOEven" classname="tetris.PlacementTests" time="0.004"/>
  <testcase name="testPlacementS" classname="tetris.PlacementTests" time="0.004"/>
  <testcase name="testPlacementT" classname="tetris.PlacementTests" time="0.005"/>
  <testcase name="testPlacementZ" classname="tetris.PlacementTests" time="0.003"/>
  <system-out><![CDATA[]]></system-out>
  <system-err><![CDATA[]]></system-err>
</testsuite>
