<?xml version="1.0" encoding="UTF-8"?>
<testsuite name="tetris.MovementTests" tests="2" skipped="0" failures="0" errors="0" timestamp="2024-10-01T21:52:43" hostname="LAPTOP-68J58FIR" time="0.034">
  <properties/>
  <testcase name="testMovement" classname="tetris.MovementTests" time="0.013"/>
  <testcase name="testMovement2" classname="tetris.MovementTests" time="0.019"/>
  <system-out><![CDATA[]]></system-out>
  <system-err><![CDATA[]]></system-err>
</testsuite>
